\BOOKMARK [2][]{Outline0.1}{Resources}{}% 1
\BOOKMARK [2][]{Outline0.2}{Running the textbook examples}{}% 2
\BOOKMARK [2][]{Outline0.3}{Every powerful language has}{}% 3
\BOOKMARK [2][]{Outline0.4}{The REPL does the following three things:}{}% 4
\BOOKMARK [2][]{Outline0.5}{There are 4 types of expressions:}{}% 5
\BOOKMARK [2][]{Outline0.6}{Mantras}{}% 6
\BOOKMARK [2][]{Outline0.7}{Finding the value of a combination}{}% 7
\BOOKMARK [2][]{Outline0.8}{Program Evaluation In Lisp}{}% 8
\BOOKMARK [2][]{Outline0.9}{Introducing Local Variables}{}% 9
\BOOKMARK [2][]{Outline0.10}{Beware! This will NOT work.}{}% 10
\BOOKMARK [2][]{Outline0.11}{But this will.}{}% 11
\BOOKMARK [2][]{Outline0.12}{Defining Procedures}{}% 12
\BOOKMARK [2][]{Outline0.13}{Defining Procedures}{}% 13
\BOOKMARK [2][]{Outline0.14}{Defining Procedures}{}% 14
\BOOKMARK [2][]{Outline0.15}{Solving problems}{}% 15
\BOOKMARK [2][]{Outline0.16}{Newton's Method in Scheme}{}% 16
\BOOKMARK [2][]{Outline0.17}{Definitions can be nested}{}% 17
\BOOKMARK [2][]{Outline0.18}{Parameters need not be repeated}{}% 18
\BOOKMARK [2][]{Outline0.19}{Introducing local functions with letrec }{}% 19
\BOOKMARK [2][]{Outline0.20}{Procedures as parameters}{}% 20
\BOOKMARK [2][]{Outline0.21}{Finding fixed points}{}% 21
\BOOKMARK [2][]{Outline0.22}{Fixed points in scheme:}{}% 22
\BOOKMARK [2][]{Outline0.23}{Remember Newton's Method?}{}% 23
\BOOKMARK [2][]{Outline0.24}{Procedures as Returned Values}{}% 24
\BOOKMARK [2][]{Outline0.25}{Procedures as Returned Values}{}% 25
